#
# A fatal error has been detected by the Java Runtime Environment:
#
#  EXCEPTION_ACCESS_VIOLATION (0xc0000005) at pc=0x000001eb7f401066, pid=21908, tid=0x0000000000004f04
#
# JRE version: OpenJDK Runtime Environment (8.0_362-b09) (build 1.8.0_362-b09)
# Java VM: OpenJDK 64-Bit Server VM (25.362-b09 mixed mode windows-amd64 compressed oops)
# Problematic frame:
# C  [OpenAL64.dll+0x11066]
#
# Failed to write core dump. Minidumps are not enabled by default on client versions of Windows
#
# If you would like to submit a bug report, please visit:
#   https://github.com/adoptium/adoptium-support/issues
# The crash happened outside the Java Virtual Machine in native code.
# See problematic frame for where to report the bug.
#

---------------  T H R E A D  ---------------

Current thread (0x000001eb636b7800):  JavaThread "main" [_thread_in_native, id=20228, stack(0x000000b55bd00000,0x000000b55be00000)]

siginfo: ExceptionCode=0xc0000005, reading address 0x000001eb7d0ac004

Registers:
RAX=0x0000000000000004, RBX=0x000001eb7f5b0090, RCX=0x000001eb7d0ac008, RDX=0x000001eb7d0ac004
RSP=0x000000b55bdfca90, RBP=0x00000000000000ff, RSI=0x000001eb7d0a694c, RDI=0x0000000000000000
R8 =0x00000000000015ae, R9 =0x000001eb7d0a694c, R10=0x000001eb65129c62, R11=0x0000000064b08c80
R12=0x0000000000000001, R13=0x000001eb7ef39d68, R14=0x000000b55bdfcc30, R15=0x000001eb636b7800
RIP=0x000001eb7f401066, EFLAGS=0x0000000000010202

Top of Stack: (sp=0x000000b55bdfca90)
0x000000b55bdfca90:   0000000000000000 000001eb636b7800
0x000000b55bdfcaa0:   000000b55bdfcc30 000001eb7ef39d68
0x000000b55bdfcab0:   000001eb7ef39d68 0000000000000000
0x000000b55bdfcac0:   000001eb636b7800 0000000000000000
0x000000b55bdfcad0:   000000b55bdfcbf8 000000006499f1eb
0x000000b55bdfcae0:   000000b55bdfcb10 000001eb6516a6d3
0x000000b55bdfcaf0:   000001eb636764c0 000001eb636b8400
0x000000b55bdfcb00:   000001eb636b7800 000000b55bdfcc30
0x000000b55bdfcb10:   000001eb7ef39d68 0000000000000000
0x000000b55bdfcb20:   000001eb7d0a694c 0000000000000248
0x000000b55bdfcb30:   000000b55bdfcbf8 000001eb7f40248f
0x000000b55bdfcb40:   000001eb7f5b0090 000001eb7f5b0090
0x000000b55bdfcb50:   000001eb0000ac44 000001eb00000004
0x000000b55bdfcb60:   000001eb65117bd0 000001eb65129c8e
0x000000b55bdfcb70:   000001eb7ef39d68 0000000000000248
0x000000b55bdfcb80:   000001eb65117bd0 000001eb6512999b 

Instructions: (pc=0x000001eb7f401066)
0x000001eb7f401046:   41 2b ec 81 3a 03 00 02 00 75 09 8b 01 89 84 24
0x000001eb7f401056:   c8 00 00 00 49 83 c0 02 48 83 c1 08 4a 8d 14 86
0x000001eb7f401066:   39 3a 75 af 4c 8d 84 24 c0 00 00 00 48 8d 15 d7
0x000001eb7f401076:   2b 03 00 33 c9 e8 58 5f 00 00 b8 40 1f 00 00 4c 


Register to memory mapping:

RAX=0x0000000000000004 is an unknown value
RBX=0x000001eb7f5b0090 is an unknown value
RCX=0x000001eb7d0ac008 is an unknown value
RDX=0x000001eb7d0ac004 is an unknown value
RSP=0x000000b55bdfca90 is pointing into the stack for thread: 0x000001eb636b7800
RBP=0x00000000000000ff is an unknown value
RSI=0x000001eb7d0a694c is an unknown value
RDI=0x0000000000000000 is an unknown value
R8 =0x00000000000015ae is an unknown value
R9 =0x000001eb7d0a694c is an unknown value
R10=0x000001eb65129c62 is at code_begin+962 in an Interpreter codelet
method entry point (kind = native)  [0x000001eb651298a0, 0x000001eb6512a340]  2720 bytes
R11=0x0000000064b08c80 is an unknown value
R12=0x0000000000000001 is an unknown value
R13={method} {0x000001eb7ef39d70} 'nalcCreateContext' '(JJ)J' in 'org/lwjgl/openal/ALC10'
R14=0x000000b55bdfcc30 is pointing into the stack for thread: 0x000001eb636b7800
R15=0x000001eb636b7800 is a thread


Stack: [0x000000b55bd00000,0x000000b55be00000],  sp=0x000000b55bdfca90,  free space=1010k
Native frames: (J=compiled Java code, j=interpreted, Vv=VM code, C=native code)
C  [OpenAL64.dll+0x11066]
C  [OpenAL64.dll+0x1248f]
C  0x000001eb65129c8e

Java frames: (J=compiled Java code, j=interpreted, Vv=VM code)
j  org.lwjgl.openal.ALC10.nalcCreateContext(JJ)J+0
j  org.lwjgl.openal.ALC10.alcCreateContext(Lorg/lwjgl/openal/ALCdevice;Ljava/nio/IntBuffer;)Lorg/lwjgl/openal/ALCcontext;+8
j  org.lwjgl.openal.AL.init(Ljava/lang/String;IIZZ)V+69
j  org.lwjgl.openal.AL.create(Ljava/lang/String;IIZZ)V+246
j  org.lwjgl.openal.AL.create(Ljava/lang/String;IIZ)V+5
j  org.lwjgl.openal.AL.create()V+6
j  com.badlogic.gdx.backends.lwjgl.audio.OpenALAudio.<init>(III)V+114
j  com.badlogic.gdx.backends.lwjgl.LwjglApplication.<init>(Lcom/badlogic/gdx/ApplicationListener;Lcom/badlogic/gdx/backends/lwjgl/LwjglApplicationConfiguration;Lcom/badlogic/gdx/backends/lwjgl/LwjglGraphics;)V+120
j  com.badlogic.gdx.backends.lwjgl.LwjglApplication.<init>(Lcom/badlogic/gdx/ApplicationListener;Lcom/badlogic/gdx/backends/lwjgl/LwjglApplicationConfiguration;)V+11
j  org.uqbar.project.wollok.game.gameboard.WollokGDXApplication.<init>(Lorg/uqbar/project/wollok/game/gameboard/Gameboard;Ljava/lang/Boolean;)V+17
j  org.uqbar.project.wollok.game.helpers.Application.start(Lorg/uqbar/project/wollok/game/gameboard/Gameboard;Ljava/lang/Boolean;)V+5
j  org.uqbar.project.wollok.game.gameboard.Gameboard.start(Ljava/lang/Boolean;)V+13
j  wollok.game.GameObject.doStart(Ljava/lang/Boolean;)V+12
v  ~StubRoutines::call_stub
j  sun.reflect.NativeMethodAccessorImpl.invoke0(Ljava/lang/reflect/Method;Ljava/lang/Object;[Ljava/lang/Object;)Ljava/lang/Object;+0
j  sun.reflect.NativeMethodAccessorImpl.invoke(Ljava/lang/Object;[Ljava/lang/Object;)Ljava/lang/Object;+100
J 2780 C1 sun.reflect.DelegatingMethodAccessorImpl.invoke(Ljava/lang/Object;[Ljava/lang/Object;)Ljava/lang/Object; (10 bytes) @ 0x000001eb65a3c804 [0x000001eb65a3c700+0x104]
J 2779 C1 java.lang.reflect.Method.invoke(Ljava/lang/Object;[Ljava/lang/Object;)Ljava/lang/Object; (62 bytes) @ 0x000001eb65a3b56c [0x000001eb65a3b180+0x3ec]
j  org.uqbar.project.wollok.ui.utils.XTendUtilExtensions.invokeConvertingArgs(Ljava/lang/reflect/Method;Ljava/lang/Object;[Ljava/lang/Object;)Lorg/uqbar/project/wollok/interpreter/core/WollokObject;+261
j  org.uqbar.project.wollok.interpreter.AbstractWollokCallable._invokeNative(Ljava/lang/Object;Ljava/lang/String;[Lorg/uqbar/project/wollok/interpreter/core/WollokObject;)Lorg/uqbar/project/wollok/interpreter/core/WollokObject;+41
j  org.uqbar.project.wollok.interpreter.AbstractWollokCallable.invokeNative(Ljava/lang/Object;Ljava/lang/String;[Lorg/uqbar/project/wollok/interpreter/core/WollokObject;)Lorg/uqbar/project/wollok/interpreter/core/WollokObject;+26
j  org.uqbar.project.wollok.interpreter.AbstractWollokCallable$1.apply()Lorg/uqbar/project/wollok/interpreter/core/WollokObject;+55
j  org.uqbar.project.wollok.interpreter.AbstractWollokCallable$1.apply()Ljava/lang/Object;+1
j  org.uqbar.project.wollok.interpreter.threads.WThread.performOnStack(Lorg/eclipse/emf/ecore/EObject;Lorg/uqbar/project/wollok/interpreter/context/EvaluationContext;Lorg/eclipse/xtext/xbase/lib/Functions$Function0;)Lorg/uqbar/project/wollok/interpreter/core/WollokObject;+29
j  org.uqbar.project.wollok.interpreter.WollokInterpreter.performOnStack(Lorg/eclipse/emf/ecore/EObject;Lorg/uqbar/project/wollok/interpreter/context/EvaluationContext;Lorg/eclipse/xtext/xbase/lib/Functions$Function0;)Lorg/uqbar/project/wollok/interpreter/core/WollokObject;+7
j  org.uqbar.project.wollok.interpreter.AbstractWollokCallable.call(Lorg/uqbar/project/wollok/wollokDsl/WMethodDeclaration;[Lorg/uqbar/project/wollok/interpreter/core/WollokObject;)Lorg/uqbar/project/wollok/interpreter/core/WollokObject;+38
j  org.uqbar.project.wollok.interpreter.core.WollokObject.call(Ljava/lang/String;[Lorg/uqbar/project/wollok/interpreter/core/WollokObject;)Lorg/uqbar/project/wollok/interpreter/core/WollokObject;+55
j  org.uqbar.project.wollok.interpreter.WollokInterpreterEvaluator._evaluate(Lorg/uqbar/project/wollok/wollokDsl/WFeatureCall;)Lorg/uqbar/project/wollok/interpreter/core/WollokObject;+119
j  org.uqbar.project.wollok.launch.WollokLauncherInterpreterEvaluator.evaluate(Lorg/eclipse/emf/ecore/EObject;)Lorg/uqbar/project/wollok/interpreter/core/WollokObject;+412
j  org.uqbar.project.wollok.interpreter.WollokInterpreterEvaluator.evaluate(Lorg/eclipse/emf/ecore/EObject;)Ljava/lang/Object;+2
j  org.uqbar.project.wollok.interpreter.WollokInterpreter.eval(Lorg/eclipse/emf/ecore/EObject;)Lorg/uqbar/project/wollok/interpreter/core/WollokObject;+63
j  org.uqbar.project.wollok.interpreter.WollokInterpreterEvaluator.eval(Lorg/eclipse/emf/ecore/EObject;)Lorg/uqbar/project/wollok/interpreter/core/WollokObject;+5
j  org.uqbar.project.wollok.interpreter.WollokInterpreterEvaluator$1.apply(Lorg/uqbar/project/wollok/interpreter/core/WollokObject;Lorg/eclipse/emf/ecore/EObject;)Lorg/uqbar/project/wollok/interpreter/core/WollokObject;+5
j  org.uqbar.project.wollok.interpreter.WollokInterpreterEvaluator$1.apply(Ljava/lang/Object;Ljava/lang/Object;)Ljava/lang/Object;+9
j  org.eclipse.xtext.xbase.lib.IteratorExtensions.fold(Ljava/util/Iterator;Ljava/lang/Object;Lorg/eclipse/xtext/xbase/lib/Functions$Function2;)Ljava/lang/Object;+19
j  org.eclipse.xtext.xbase.lib.IterableExtensions.fold(Ljava/lang/Iterable;Ljava/lang/Object;Lorg/eclipse/xtext/xbase/lib/Functions$Function2;)Ljava/lang/Object;+8
j  org.uqbar.project.wollok.interpreter.WollokInterpreterEvaluator.evalAll(Ljava/lang/Iterable;)Lorg/uqbar/project/wollok/interpreter/core/WollokObject;+12
j  org.uqbar.project.wollok.interpreter.WollokInterpreterEvaluator._evaluate(Lorg/uqbar/project/wollok/wollokDsl/WBlockExpression;)Lorg/uqbar/project/wollok/interpreter/core/WollokObject;+34
j  org.uqbar.project.wollok.launch.WollokLauncherInterpreterEvaluator.evaluate(Lorg/eclipse/emf/ecore/EObject;)Lorg/uqbar/project/wollok/interpreter/core/WollokObject;+76
j  org.uqbar.project.wollok.interpreter.WollokInterpreterEvaluator.evaluate(Lorg/eclipse/emf/ecore/EObject;)Ljava/lang/Object;+2
j  org.uqbar.project.wollok.interpreter.WollokInterpreter.eval(Lorg/eclipse/emf/ecore/EObject;)Lorg/uqbar/project/wollok/interpreter/core/WollokObject;+63
j  org.uqbar.project.wollok.interpreter.AbstractWollokCallable.eval(Lorg/eclipse/emf/ecore/EObject;)Lorg/uqbar/project/wollok/interpreter/core/WollokObject;+5
j  org.uqbar.project.wollok.interpreter.AbstractWollokCallable$1.apply()Lorg/uqbar/project/wollok/interpreter/core/WollokObject;+110
j  org.uqbar.project.wollok.interpreter.AbstractWollokCallable$1.apply()Ljava/lang/Object;+1
j  org.uqbar.project.wollok.interpreter.threads.WThread.performOnStack(Lorg/eclipse/emf/ecore/EObject;Lorg/uqbar/project/wollok/interpreter/context/EvaluationContext;Lorg/eclipse/xtext/xbase/lib/Functions$Function0;)Lorg/uqbar/project/wollok/interpreter/core/WollokObject;+29
j  org.uqbar.project.wollok.interpreter.WollokInterpreter.performOnStack(Lorg/eclipse/emf/ecore/EObject;Lorg/uqbar/project/wollok/interpreter/context/EvaluationContext;Lorg/eclipse/xtext/xbase/lib/Functions$Function0;)Lorg/uqbar/project/wollok/interpreter/core/WollokObject;+7
j  org.uqbar.project.wollok.interpreter.AbstractWollokCallable.call(Lorg/uqbar/project/wollok/wollokDsl/WMethodDeclaration;[Lorg/uqbar/project/wollok/interpreter/core/WollokObject;)Lorg/uqbar/project/wollok/interpreter/core/WollokObject;+38
j  org.uqbar.project.wollok.interpreter.core.WollokObject.call(Ljava/lang/String;[Lorg/uqbar/project/wollok/interpreter/core/WollokObject;)Lorg/uqbar/project/wollok/interpreter/core/WollokObject;+55
j  org.uqbar.project.wollok.interpreter.WollokInterpreterEvaluator._evaluate(Lorg/uqbar/project/wollok/wollokDsl/WFeatureCall;)Lorg/uqbar/project/wollok/interpreter/core/WollokObject;+119
j  org.uqbar.project.wollok.launch.WollokLauncherInterpreterEvaluator.evaluate(Lorg/eclipse/emf/ecore/EObject;)Lorg/uqbar/project/wollok/interpreter/core/WollokObject;+412
j  org.uqbar.project.wollok.interpreter.WollokInterpreterEvaluator.evaluate(Lorg/eclipse/emf/ecore/EObject;)Ljava/lang/Object;+2
j  org.uqbar.project.wollok.interpreter.WollokInterpreter.eval(Lorg/eclipse/emf/ecore/EObject;)Lorg/uqbar/project/wollok/interpreter/core/WollokObject;+63
j  org.uqbar.project.wollok.interpreter.WollokInterpreterEvaluator.eval(Lorg/eclipse/emf/ecore/EObject;)Lorg/uqbar/project/wollok/interpreter/core/WollokObject;+5
j  org.uqbar.project.wollok.interpreter.WollokInterpreterEvaluator$1.apply(Lorg/uqbar/project/wollok/interpreter/core/WollokObject;Lorg/eclipse/emf/ecore/EObject;)Lorg/uqbar/project/wollok/interpreter/core/WollokObject;+5
j  org.uqbar.project.wollok.interpreter.WollokInterpreterEvaluator$1.apply(Ljava/lang/Object;Ljava/lang/Object;)Ljava/lang/Object;+9
j  org.eclipse.xtext.xbase.lib.IteratorExtensions.fold(Ljava/util/Iterator;Ljava/lang/Object;Lorg/eclipse/xtext/xbase/lib/Functions$Function2;)Ljava/lang/Object;+19
j  org.eclipse.xtext.xbase.lib.IterableExtensions.fold(Ljava/lang/Iterable;Ljava/lang/Object;Lorg/eclipse/xtext/xbase/lib/Functions$Function2;)Ljava/lang/Object;+8
j  org.uqbar.project.wollok.interpreter.WollokInterpreterEvaluator.evalAll(Ljava/lang/Iterable;)Lorg/uqbar/project/wollok/interpreter/core/WollokObject;+12
j  org.uqbar.project.wollok.interpreter.WollokInterpreterEvaluator._evaluate(Lorg/uqbar/project/wollok/wollokDsl/WProgram;)Lorg/uqbar/project/wollok/interpreter/core/WollokObject;+18
j  org.uqbar.project.wollok.launch.WollokLauncherInterpreterEvaluator.evaluate(Lorg/eclipse/emf/ecore/EObject;)Lorg/uqbar/project/wollok/interpreter/core/WollokObject;+444
j  org.uqbar.project.wollok.interpreter.WollokInterpreterEvaluator.evaluate(Lorg/eclipse/emf/ecore/EObject;)Ljava/lang/Object;+2
j  org.uqbar.project.wollok.interpreter.WollokInterpreter.eval(Lorg/eclipse/emf/ecore/EObject;)Lorg/uqbar/project/wollok/interpreter/core/WollokObject;+63
j  org.uqbar.project.wollok.interpreter.WollokInterpreterEvaluator.eval(Lorg/eclipse/emf/ecore/EObject;)Lorg/uqbar/project/wollok/interpreter/core/WollokObject;+5
j  org.uqbar.project.wollok.launch.WollokLauncherInterpreterEvaluator._evaluate(Lorg/uqbar/project/wollok/wollokDsl/WFile;)Lorg/uqbar/project/wollok/interpreter/core/WollokObject;+32
j  org.uqbar.project.wollok.launch.WollokLauncherInterpreterEvaluator.evaluate(Lorg/eclipse/emf/ecore/EObject;)Lorg/uqbar/project/wollok/interpreter/core/WollokObject;+428
j  org.uqbar.project.wollok.interpreter.WollokInterpreterEvaluator.evaluate(Lorg/eclipse/emf/ecore/EObject;)Ljava/lang/Object;+2
j  org.uqbar.project.wollok.interpreter.WollokInterpreter.interpret(Lorg/eclipse/emf/ecore/EObject;Ljava/lang/Boolean;)Lorg/uqbar/project/wollok/interpreter/core/WollokObject;+25
j  org.uqbar.project.wollok.interpreter.WollokInterpreter.interpret(Lorg/eclipse/emf/ecore/EObject;)Lorg/uqbar/project/wollok/interpreter/core/WollokObject;+8
j  org.uqbar.project.wollok.launch.WollokLauncher.doSomething(Lorg/uqbar/project/wollok/wollokDsl/WFile;Lcom/google/inject/Injector;Ljava/io/File;Lorg/uqbar/project/wollok/launch/WollokLauncherParameters;)V+109
j  org.uqbar.project.wollok.launch.WollokChecker.launch(Ljava/lang/String;Lorg/uqbar/project/wollok/launch/WollokLauncherParameters;)V+31
j  org.uqbar.project.wollok.launch.WollokChecker.doMain([Ljava/lang/String;)V+205
j  org.uqbar.project.wollok.launch.WollokLauncher.main([Ljava/lang/String;)V+8
v  ~StubRoutines::call_stub

---------------  P R O C E S S  ---------------

Java Threads: ( => current thread )
  0x000001eb7c485800 JavaThread "com.google.inject.internal.util.$Finalizer" daemon [_thread_blocked, id=13004, stack(0x000000b55d200000,0x000000b55d300000)]
  0x000001eb7c4a1000 JavaThread "EMF Reference Cleaner" daemon [_thread_blocked, id=22344, stack(0x000000b55d100000,0x000000b55d200000)]
  0x000001eb7b780800 JavaThread "Service Thread" daemon [_thread_blocked, id=7176, stack(0x000000b55cf00000,0x000000b55d000000)]
  0x000001eb798ce800 JavaThread "C1 CompilerThread3" daemon [_thread_blocked, id=27568, stack(0x000000b55ce00000,0x000000b55cf00000)]
  0x000001eb798d9000 JavaThread "C2 CompilerThread2" daemon [_thread_blocked, id=12952, stack(0x000000b55cd00000,0x000000b55ce00000)]
  0x000001eb798cc800 JavaThread "C2 CompilerThread1" daemon [_thread_blocked, id=9184, stack(0x000000b55cc00000,0x000000b55cd00000)]
  0x000001eb798ca800 JavaThread "C2 CompilerThread0" daemon [_thread_blocked, id=18480, stack(0x000000b55cb00000,0x000000b55cc00000)]
  0x000001eb798c6800 JavaThread "Attach Listener" daemon [_thread_blocked, id=3636, stack(0x000000b55ca00000,0x000000b55cb00000)]
  0x000001eb798c5800 JavaThread "Signal Dispatcher" daemon [_thread_blocked, id=22520, stack(0x000000b55c900000,0x000000b55ca00000)]
  0x000001eb7989d800 JavaThread "Finalizer" daemon [_thread_blocked, id=20528, stack(0x000000b55c800000,0x000000b55c900000)]
  0x000001eb79897000 JavaThread "Reference Handler" daemon [_thread_blocked, id=3856, stack(0x000000b55c700000,0x000000b55c800000)]
=>0x000001eb636b7800 JavaThread "main" [_thread_in_native, id=20228, stack(0x000000b55bd00000,0x000000b55be00000)]

Other Threads:
  0x000001eb7986e000 VMThread [stack: 0x000000b55c600000,0x000000b55c700000] [id=24172]
  0x000001eb7b78b000 WatcherThread [stack: 0x000000b55d000000,0x000000b55d100000] [id=12248]

VM state:not at safepoint (normal execution)

VM Mutex/Monitor currently owned by a thread: None

heap address: 0x0000000082800000, size: 2008 MB, Compressed Oops mode: 32-bit
Narrow klass base: 0x0000000000000000, Narrow klass shift: 3
Compressed class space size: 1073741824 Address: 0x0000000100000000

Heap:
 PSYoungGen      total 70656K, used 11631K [0x00000000d6300000, 0x00000000dff00000, 0x0000000100000000)
  eden space 65536K, 17% used [0x00000000d6300000,0x00000000d6e5bef8,0x00000000da300000)
  from space 5120K, 0% used [0x00000000da300000,0x00000000da300000,0x00000000da800000)
  to   space 14336K, 0% used [0x00000000df100000,0x00000000df100000,0x00000000dff00000)
 ParOldGen       total 81408K, used 21304K [0x0000000082800000, 0x0000000087780000, 0x00000000d6300000)
  object space 81408K, 26% used [0x0000000082800000,0x0000000083cce140,0x0000000087780000)
 Metaspace       used 21842K, capacity 22174K, committed 22400K, reserved 1069056K
  class space    used 2764K, capacity 2859K, committed 2944K, reserved 1048576K

Card table byte_map: [0x000001eb744d0000,0x000001eb748c0000] byte_map_base: 0x000001eb740bc000

Marking Bits: (ParMarkBitMap*) 0x00000000650df7f0
 Begin Bits: [0x000001eb74b60000, 0x000001eb76ac0000)
 End Bits:   [0x000001eb76ac0000, 0x000001eb78a20000)

Polling page: 0x000001eb63920000

CodeCache: size=245760Kb used=10638Kb max_used=10638Kb free=235121Kb
 bounds [0x000001eb65110000, 0x000001eb65b80000, 0x000001eb74110000]
 total_blobs=3737 nmethods=3284 adapters=364
 compilation: enabled

Compilation events (10 events):
Event: 2.953 Thread 0x000001eb798ce800 3279       3       java.io.FileInputStream::read (9 bytes)
Event: 2.954 Thread 0x000001eb798ce800 nmethod 3279 0x000001eb65b5d3d0 code [0x000001eb65b5d540, 0x000001eb65b5d6d0]
Event: 2.963 Thread 0x000001eb798ce800 3280       3       java.nio.DirectByteBuffer::put (18 bytes)
Event: 2.963 Thread 0x000001eb798ce800 nmethod 3280 0x000001eb65b5c910 code [0x000001eb65b5ca80, 0x000001eb65b5ccf8]
Event: 2.963 Thread 0x000001eb798ce800 3281       3       java.nio.DirectByteBuffer::ix (10 bytes)
Event: 2.964 Thread 0x000001eb798ce800 nmethod 3281 0x000001eb65b5c5d0 code [0x000001eb65b5c720, 0x000001eb65b5c878]
Event: 2.964 Thread 0x000001eb798ce800 3283       3       java.nio.DirectByteBuffer::put (18 bytes)
Event: 2.964 Thread 0x000001eb798ce800 nmethod 3283 0x000001eb65b7cad0 code [0x000001eb65b7cc40, 0x000001eb65b7ceb8]
Event: 2.965 Thread 0x000001eb798ce800 3284       1       java.nio.DirectByteBuffer::ix (10 bytes)
Event: 2.965 Thread 0x000001eb798ce800 nmethod 3284 0x000001eb65b5c290 code [0x000001eb65b5c3e0, 0x000001eb65b5c4f8]

GC Heap History (10 events):
Event: 0.769 GC heap before
{Heap before GC invocations=2 (full 0):
 PSYoungGen      total 37888K, used 37886K [0x00000000d6300000, 0x00000000d8d00000, 0x0000000100000000)
  eden space 32768K, 100% used [0x00000000d6300000,0x00000000d8300000,0x00000000d8300000)
  from space 5120K, 99% used [0x00000000d8300000,0x00000000d87ffab8,0x00000000d8800000)
  to   space 5120K, 0% used [0x00000000d8800000,0x00000000d8800000,0x00000000d8d00000)
 ParOldGen       total 86016K, used 711K [0x0000000082800000, 0x0000000087c00000, 0x00000000d6300000)
  object space 86016K, 0% used [0x0000000082800000,0x00000000828b1d30,0x0000000087c00000)
 Metaspace       used 10172K, capacity 10316K, committed 10624K, reserved 1058816K
  class space    used 1213K, capacity 1288K, committed 1408K, reserved 1048576K
Event: 0.776 GC heap after
Heap after GC invocations=2 (full 0):
 PSYoungGen      total 37888K, used 5105K [0x00000000d6300000, 0x00000000dad00000, 0x0000000100000000)
  eden space 32768K, 0% used [0x00000000d6300000,0x00000000d6300000,0x00000000d8300000)
  from space 5120K, 99% used [0x00000000d8800000,0x00000000d8cfc7c8,0x00000000d8d00000)
  to   space 5120K, 0% used [0x00000000d8300000,0x00000000d8300000,0x00000000d8800000)
 ParOldGen       total 86016K, used 8103K [0x0000000082800000, 0x0000000087c00000, 0x00000000d6300000)
  object space 86016K, 9% used [0x0000000082800000,0x0000000082fe9f08,0x0000000087c00000)
 Metaspace       used 10172K, capacity 10316K, committed 10624K, reserved 1058816K
  class space    used 1213K, capacity 1288K, committed 1408K, reserved 1048576K
}
Event: 1.078 GC heap before
{Heap before GC invocations=3 (full 0):
 PSYoungGen      total 37888K, used 37873K [0x00000000d6300000, 0x00000000dad00000, 0x0000000100000000)
  eden space 32768K, 100% used [0x00000000d6300000,0x00000000d8300000,0x00000000d8300000)
  from space 5120K, 99% used [0x00000000d8800000,0x00000000d8cfc7c8,0x00000000d8d00000)
  to   space 5120K, 0% used [0x00000000d8300000,0x00000000d8300000,0x00000000d8800000)
 ParOldGen       total 86016K, used 8103K [0x0000000082800000, 0x0000000087c00000, 0x00000000d6300000)
  object space 86016K, 9% used [0x0000000082800000,0x0000000082fe9f08,0x0000000087c00000)
 Metaspace       used 13648K, capacity 13816K, committed 14080K, reserved 1060864K
  class space    used 1687K, capacity 1770K, committed 1792K, reserved 1048576K
Event: 1.084 GC heap after
Heap after GC invocations=3 (full 0):
 PSYoungGen      total 37888K, used 5119K [0x00000000d6300000, 0x00000000dad00000, 0x0000000100000000)
  eden space 32768K, 0% used [0x00000000d6300000,0x00000000d6300000,0x00000000d8300000)
  from space 5120K, 99% used [0x00000000d8300000,0x00000000d87fff10,0x00000000d8800000)
  to   space 5120K, 0% used [0x00000000da800000,0x00000000da800000,0x00000000dad00000)
 ParOldGen       total 86016K, used 14055K [0x0000000082800000, 0x0000000087c00000, 0x00000000d6300000)
  object space 86016K, 16% used [0x0000000082800000,0x00000000835b9db8,0x0000000087c00000)
 Metaspace       used 13648K, capacity 13816K, committed 14080K, reserved 1060864K
  class space    used 1687K, capacity 1770K, committed 1792K, reserved 1048576K
}
Event: 1.484 GC heap before
{Heap before GC invocations=4 (full 0):
 PSYoungGen      total 37888K, used 37887K [0x00000000d6300000, 0x00000000dad00000, 0x0000000100000000)
  eden space 32768K, 100% used [0x00000000d6300000,0x00000000d8300000,0x00000000d8300000)
  from space 5120K, 99% used [0x00000000d8300000,0x00000000d87fff10,0x00000000d8800000)
  to   space 5120K, 0% used [0x00000000da800000,0x00000000da800000,0x00000000dad00000)
 ParOldGen       total 86016K, used 14055K [0x0000000082800000, 0x0000000087c00000, 0x00000000d6300000)
  object space 86016K, 16% used [0x0000000082800000,0x00000000835b9db8,0x0000000087c00000)
 Metaspace       used 17722K, capacity 17966K, committed 18304K, reserved 1064960K
  class space    used 2259K, capacity 2355K, committed 2432K, reserved 1048576K
Event: 1.497 GC heap after
Heap after GC invocations=4 (full 0):
 PSYoungGen      total 70656K, used 5100K [0x00000000d6300000, 0x00000000dad00000, 0x0000000100000000)
  eden space 65536K, 0% used [0x00000000d6300000,0x00000000d6300000,0x00000000da300000)
  from space 5120K, 99% used [0x00000000da800000,0x00000000dacfb090,0x00000000dad00000)
  to   space 5120K, 0% used [0x00000000da300000,0x00000000da300000,0x00000000da800000)
 ParOldGen       total 86016K, used 20537K [0x0000000082800000, 0x0000000087c00000, 0x00000000d6300000)
  object space 86016K, 23% used [0x0000000082800000,0x0000000083c0e410,0x0000000087c00000)
 Metaspace       used 17722K, capacity 17966K, committed 18304K, reserved 1064960K
  class space    used 2259K, capacity 2355K, committed 2432K, reserved 1048576K
}
Event: 2.488 GC heap before
{Heap before GC invocations=5 (full 0):
 PSYoungGen      total 70656K, used 44219K [0x00000000d6300000, 0x00000000dad00000, 0x0000000100000000)
  eden space 65536K, 59% used [0x00000000d6300000,0x00000000d8933cb0,0x00000000da300000)
  from space 5120K, 99% used [0x00000000da800000,0x00000000dacfb090,0x00000000dad00000)
  to   space 5120K, 0% used [0x00000000da300000,0x00000000da300000,0x00000000da800000)
 ParOldGen       total 86016K, used 20537K [0x0000000082800000, 0x0000000087c00000, 0x00000000d6300000)
  object space 86016K, 23% used [0x0000000082800000,0x0000000083c0e410,0x0000000087c00000)
 Metaspace       used 20817K, capacity 21086K, committed 21248K, reserved 1067008K
  class space    used 2647K, capacity 2731K, committed 2816K, reserved 1048576K
Event: 2.509 GC heap after
Heap after GC invocations=5 (full 0):
 PSYoungGen      total 70656K, used 5112K [0x00000000d6300000, 0x00000000dff00000, 0x0000000100000000)
  eden space 65536K, 0% used [0x00000000d6300000,0x00000000d6300000,0x00000000da300000)
  from space 5120K, 99% used [0x00000000da300000,0x00000000da7fe2f0,0x00000000da800000)
  to   space 14336K, 0% used [0x00000000df100000,0x00000000df100000,0x00000000dff00000)
 ParOldGen       total 86016K, used 24794K [0x0000000082800000, 0x0000000087c00000, 0x00000000d6300000)
  object space 86016K, 28% used [0x0000000082800000,0x0000000084036980,0x0000000087c00000)
 Metaspace       used 20817K, capacity 21086K, committed 21248K, reserved 1067008K
  class space    used 2647K, capacity 2731K, committed 2816K, reserved 1048576K
}
Event: 2.509 GC heap before
{Heap before GC invocations=6 (full 1):
 PSYoungGen      total 70656K, used 5112K [0x00000000d6300000, 0x00000000dff00000, 0x0000000100000000)
  eden space 65536K, 0% used [0x00000000d6300000,0x00000000d6300000,0x00000000da300000)
  from space 5120K, 99% used [0x00000000da300000,0x00000000da7fe2f0,0x00000000da800000)
  to   space 14336K, 0% used [0x00000000df100000,0x00000000df100000,0x00000000dff00000)
 ParOldGen       total 86016K, used 24794K [0x0000000082800000, 0x0000000087c00000, 0x00000000d6300000)
  object space 86016K, 28% used [0x0000000082800000,0x0000000084036980,0x0000000087c00000)
 Metaspace       used 20817K, capacity 21086K, committed 21248K, reserved 1067008K
  class space    used 2647K, capacity 2731K, committed 2816K, reserved 1048576K
Event: 2.573 GC heap after
Heap after GC invocations=6 (full 1):
 PSYoungGen      total 70656K, used 0K [0x00000000d6300000, 0x00000000dff00000, 0x0000000100000000)
  eden space 65536K, 0% used [0x00000000d6300000,0x00000000d6300000,0x00000000da300000)
  from space 5120K, 0% used [0x00000000da300000,0x00000000da300000,0x00000000da800000)
  to   space 14336K, 0% used [0x00000000df100000,0x00000000df100000,0x00000000dff00000)
 ParOldGen       total 81408K, used 21304K [0x0000000082800000, 0x0000000087780000, 0x00000000d6300000)
  object space 81408K, 26% used [0x0000000082800000,0x0000000083cce140,0x0000000087780000)
 Metaspace       used 20817K, capacity 21086K, committed 21248K, reserved 1067008K
  class space    used 2647K, capacity 2731K, committed 2816K, reserved 1048576K
}

Deoptimization events (10 events):
Event: 2.018 Thread 0x000001eb636b7800 Uncommon trap: reason=array_check action=maybe_recompile pc=0x000001eb65955718 method=org.eclipse.emf.common.util.BasicEList.assign(ILjava/lang/Object;)Ljava/lang/Object; @ 6
Event: 2.028 Thread 0x000001eb636b7800 Uncommon trap: reason=class_check action=maybe_recompile pc=0x000001eb6580d6e8 method=org.eclipse.xtext.nodemodel.impl.NodeModelBuilder.addChild(Lorg/eclipse/xtext/nodemodel/ICompositeNode;Lorg/eclipse/xtext/nodemodel/impl/AbstractNode;)V @ 6
Event: 2.033 Thread 0x000001eb636b7800 Uncommon trap: reason=unstable_if action=reinterpret pc=0x000001eb65955dd8 method=sun.nio.cs.UTF_8$Decoder.decodeArrayLoop(Ljava/nio/ByteBuffer;Ljava/nio/CharBuffer;)Ljava/nio/charset/CoderResult; @ 84
Event: 2.035 Thread 0x000001eb636b7800 Uncommon trap: reason=class_check action=maybe_recompile pc=0x000001eb658357bc method=org.eclipse.xtext.nodemodel.impl.NodeModelBuilder.addChild(Lorg/eclipse/xtext/nodemodel/ICompositeNode;Lorg/eclipse/xtext/nodemodel/impl/AbstractNode;)V @ 6
Event: 2.308 Thread 0x000001eb636b7800 Uncommon trap: reason=unstable_if action=reinterpret pc=0x000001eb6561e4ac method=java.util.concurrent.ConcurrentHashMap.putVal(Ljava/lang/Object;Ljava/lang/Object;Z)Ljava/lang/Object; @ 181
Event: 2.446 Thread 0x000001eb636b7800 Uncommon trap: reason=unstable_if action=reinterpret pc=0x000001eb65aaaf50 method=org.uqbar.project.wollok.wollokDsl.impl.WMemberFeatureCallImpl.eIsSet(I)Z @ 104
Event: 2.670 Thread 0x000001eb636b7800 Uncommon trap: reason=unstable_if action=reinterpret pc=0x000001eb6546f820 method=java.io.WinNTFileSystem.normalize(Ljava/lang/String;)Ljava/lang/String; @ 49
Event: 2.685 Thread 0x000001eb636b7800 Uncommon trap: reason=predicate action=maybe_recompile pc=0x000001eb6556c2d4 method=java.lang.String.regionMatches(ZILjava/lang/String;II)Z @ 63
Event: 2.914 Thread 0x000001eb636b7800 Uncommon trap: reason=unstable_if action=reinterpret pc=0x000001eb6532a448 method=java.lang.ThreadLocal$ThreadLocalMap.getEntry(Ljava/lang/ThreadLocal;)Ljava/lang/ThreadLocal$ThreadLocalMap$Entry; @ 29
Event: 2.917 Thread 0x000001eb636b7800 Uncommon trap: reason=unstable_if action=reinterpret pc=0x000001eb6531ee5c method=java.lang.ThreadLocal$ThreadLocalMap.getEntry(Ljava/lang/ThreadLocal;)Ljava/lang/ThreadLocal$ThreadLocalMap$Entry; @ 29

Classes redefined (0 events):
No events

Internal exceptions (10 events):
Event: 2.456 Thread 0x000001eb636b7800 Exception <a 'java/lang/reflect/InvocationTargetException'> (0x00000000d866f5c8) thrown at [J:\jenkins\tmp\workspace\build\src\hotspot\src\share\vm\runtime\reflection.cpp, line 1092]
Event: 2.456 Thread 0x000001eb636b7800 Exception <a 'java/lang/reflect/InvocationTargetException'> (0x00000000d8679380) thrown at [J:\jenkins\tmp\workspace\build\src\hotspot\src\share\vm\runtime\reflection.cpp, line 1092]
Event: 2.457 Thread 0x000001eb636b7800 Exception <a 'java/lang/reflect/InvocationTargetException'> (0x00000000d8683220) thrown at [J:\jenkins\tmp\workspace\build\src\hotspot\src\share\vm\runtime\reflection.cpp, line 1092]
Event: 2.457 Thread 0x000001eb636b7800 Exception <a 'java/lang/reflect/InvocationTargetException'> (0x00000000d868cfd8) thrown at [J:\jenkins\tmp\workspace\build\src\hotspot\src\share\vm\runtime\reflection.cpp, line 1092]
Event: 2.973 Thread 0x000001eb636b7800 Exception <a 'java/security/PrivilegedActionException'> (0x00000000d6cc40e8) thrown at [J:\jenkins\tmp\workspace\build\src\hotspot\src\share\vm\prims\jvm.cpp, line 1514]
Event: 2.973 Thread 0x000001eb636b7800 Exception <a 'java/security/PrivilegedActionException'> (0x00000000d6cc5618) thrown at [J:\jenkins\tmp\workspace\build\src\hotspot\src\share\vm\prims\jvm.cpp, line 1514]
Event: 2.973 Thread 0x000001eb636b7800 Exception <a 'java/security/PrivilegedActionException'> (0x00000000d6cc6a48) thrown at [J:\jenkins\tmp\workspace\build\src\hotspot\src\share\vm\prims\jvm.cpp, line 1514]
Event: 2.973 Thread 0x000001eb636b7800 Exception <a 'java/security/PrivilegedActionException'> (0x00000000d6cc8108) thrown at [J:\jenkins\tmp\workspace\build\src\hotspot\src\share\vm\prims\jvm.cpp, line 1514]
Event: 2.973 Thread 0x000001eb636b7800 Exception <a 'java/security/PrivilegedActionException'> (0x00000000d6cc9500) thrown at [J:\jenkins\tmp\workspace\build\src\hotspot\src\share\vm\prims\jvm.cpp, line 1514]
Event: 2.973 Thread 0x000001eb636b7800 Exception <a 'java/security/PrivilegedActionException'> (0x00000000d6cca8c8) thrown at [J:\jenkins\tmp\workspace\build\src\hotspot\src\share\vm\prims\jvm.cpp, line 1514]

Events (10 events):
Event: 2.992 loading class org/lwjgl/openal/ALCdevice
Event: 2.992 loading class org/lwjgl/openal/ALCdevice done
Event: 2.992 loading class org/lwjgl/openal/ALCcontext
Event: 2.992 loading class org/lwjgl/openal/ALCcontext done
Event: 2.992 loading class java/nio/DirectIntBufferU
Event: 2.993 loading class java/nio/DirectIntBufferU done
Event: 2.993 loading class org/lwjgl/openal/Util
Event: 2.993 loading class org/lwjgl/openal/Util done
Event: 2.993 loading class org/lwjgl/openal/OpenALException
Event: 2.993 loading class org/lwjgl/openal/OpenALException done


Dynamic libraries:
0x00007ff68c5b0000 - 0x00007ff68c5f5000 	C:\Program Files\Eclipse Adoptium\jdk-8.0.362.9-hotspot\bin\javaw.exe
0x00007fffac9b0000 - 0x00007fffacbc7000 	C:\WINDOWS\SYSTEM32\ntdll.dll
0x00007fffaac60000 - 0x00007fffaad24000 	C:\WINDOWS\System32\KERNEL32.DLL
0x00007fffaa0c0000 - 0x00007fffaa466000 	C:\WINDOWS\System32\KERNELBASE.dll
0x00007fffac380000 - 0x00007fffac433000 	C:\WINDOWS\System32\ADVAPI32.dll
0x00007fffac0b0000 - 0x00007fffac157000 	C:\WINDOWS\System32\msvcrt.dll
0x00007fffac850000 - 0x00007fffac8f8000 	C:\WINDOWS\System32\sechost.dll
0x00007fffaa6d0000 - 0x00007fffaa6f8000 	C:\WINDOWS\System32\bcrypt.dll
0x00007fffac440000 - 0x00007fffac557000 	C:\WINDOWS\System32\RPCRT4.dll
0x00007fffabd00000 - 0x00007fffabeae000 	C:\WINDOWS\System32\USER32.dll
0x00007fffaa5e0000 - 0x00007fffaa606000 	C:\WINDOWS\System32\win32u.dll
0x00007fffac030000 - 0x00007fffac059000 	C:\WINDOWS\System32\GDI32.dll
0x00007fffa9f20000 - 0x00007fffaa038000 	C:\WINDOWS\System32\gdi32full.dll
0x00007fffa9d60000 - 0x00007fffa9dfa000 	C:\WINDOWS\System32\msvcp_win.dll
0x00007fffa9e00000 - 0x00007fffa9f11000 	C:\WINDOWS\System32\ucrtbase.dll
0x00007fff94ee0000 - 0x00007fff95173000 	C:\WINDOWS\WinSxS\amd64_microsoft.windows.common-controls_6595b64144ccf1df_6.0.22621.2506_none_270c5ae97388e100\COMCTL32.dll
0x00007fffabcc0000 - 0x00007fffabcf1000 	C:\WINDOWS\System32\IMM32.DLL
0x00007fffa36a0000 - 0x00007fffa36b5000 	C:\Program Files\Eclipse Adoptium\jdk-8.0.362.9-hotspot\jre\bin\vcruntime140.dll
0x00007fff83be0000 - 0x00007fff83c7b000 	C:\Program Files\Eclipse Adoptium\jdk-8.0.362.9-hotspot\jre\bin\msvcp140.dll
0x0000000064900000 - 0x0000000065158000 	C:\Program Files\Eclipse Adoptium\jdk-8.0.362.9-hotspot\jre\bin\server\jvm.dll
0x00007fffaabf0000 - 0x00007fffaabf8000 	C:\WINDOWS\System32\PSAPI.DLL
0x00007fffa33d0000 - 0x00007fffa3404000 	C:\WINDOWS\SYSTEM32\WINMM.dll
0x00007fffa49f0000 - 0x00007fffa49f9000 	C:\WINDOWS\SYSTEM32\WSOCK32.dll
0x00007fffa2ac0000 - 0x00007fffa2aca000 	C:\WINDOWS\SYSTEM32\VERSION.dll
0x00007fffac300000 - 0x00007fffac371000 	C:\WINDOWS\System32\WS2_32.dll
0x00007fffa8d20000 - 0x00007fffa8d38000 	C:\WINDOWS\SYSTEM32\kernel.appcore.dll
0x00007fff9c490000 - 0x00007fff9c4a0000 	C:\Program Files\Eclipse Adoptium\jdk-8.0.362.9-hotspot\jre\bin\verify.dll
0x00007fff87480000 - 0x00007fff874ab000 	C:\Program Files\Eclipse Adoptium\jdk-8.0.362.9-hotspot\jre\bin\java.dll
0x00007fff8b6c0000 - 0x00007fff8b6d8000 	C:\Program Files\Eclipse Adoptium\jdk-8.0.362.9-hotspot\jre\bin\zip.dll
0x00007fffab040000 - 0x00007fffab89a000 	C:\WINDOWS\System32\SHELL32.dll
0x00007fffa7c40000 - 0x00007fffa8536000 	C:\WINDOWS\SYSTEM32\windows.storage.dll
0x00007fffab8a0000 - 0x00007fffabc29000 	C:\WINDOWS\System32\combase.dll
0x00007fffa7b00000 - 0x00007fffa7c3e000 	C:\WINDOWS\SYSTEM32\wintypes.dll
0x00007fffabeb0000 - 0x00007fffabfa3000 	C:\WINDOWS\System32\SHCORE.dll
0x00007fffac900000 - 0x00007fffac95e000 	C:\WINDOWS\System32\shlwapi.dll
0x00007fffa9c20000 - 0x00007fffa9c46000 	C:\WINDOWS\SYSTEM32\profapi.dll
0x0000000065580000 - 0x0000000065616000 	C:\Users\Maximiliano\AppData\Local\Temp\libgdxMaximiliano\12dfaa03\gdx64.dll
0x00007fffa9470000 - 0x00007fffa948b000 	C:\WINDOWS\SYSTEM32\CRYPTSP.dll
0x00007fffa8c80000 - 0x00007fffa8cb5000 	C:\WINDOWS\system32\rsaenh.dll
0x00007fffa9300000 - 0x00007fffa932c000 	C:\WINDOWS\SYSTEM32\USERENV.dll
0x00007fffaa040000 - 0x00007fffaa0ba000 	C:\WINDOWS\System32\bcryptprimitives.dll
0x00007fffa9490000 - 0x00007fffa949c000 	C:\WINDOWS\SYSTEM32\CRYPTBASE.dll
0x00007fff8b2c0000 - 0x00007fff8b2dc000 	C:\Program Files\Eclipse Adoptium\jdk-8.0.362.9-hotspot\jre\bin\net.dll
0x00007fffa91a0000 - 0x00007fffa9209000 	C:\WINDOWS\system32\mswsock.dll
0x00007fffa87a0000 - 0x00007fffa87cd000 	C:\WINDOWS\SYSTEM32\IPHLPAPI.DLL
0x00007fffac660000 - 0x00007fffac669000 	C:\WINDOWS\System32\NSI.dll
0x00007fffa3c80000 - 0x00007fffa3c99000 	C:\WINDOWS\SYSTEM32\dhcpcsvc6.DLL
0x00007fffa3830000 - 0x00007fffa384f000 	C:\WINDOWS\SYSTEM32\dhcpcsvc.DLL
0x00007fffa8810000 - 0x00007fffa8909000 	C:\WINDOWS\SYSTEM32\DNSAPI.dll
0x00007fff8b210000 - 0x00007fff8b223000 	C:\Program Files\Eclipse Adoptium\jdk-8.0.362.9-hotspot\jre\bin\nio.dll
0x0000000180000000 - 0x0000000180053000 	C:\Users\Maximiliano\AppData\Local\Temp\libgdxMaximiliano\dc0f0009\lwjgl64.dll
0x00007fff7c0b0000 - 0x00007fff7c1b0000 	C:\WINDOWS\SYSTEM32\OPENGL32.dll
0x00007fff8c990000 - 0x00007fff8c9bd000 	C:\WINDOWS\SYSTEM32\GLU32.dll
0x00007fffa7450000 - 0x00007fffa7486000 	C:\WINDOWS\SYSTEM32\dxcore.dll
0x000001eb7f3f0000 - 0x000001eb7f454000 	C:\Users\MAXIMI~1\AppData\Local\Temp\libgdxMaximiliano\dc0f0009\OpenAL64.dll
0x00007fffac160000 - 0x00007fffac300000 	C:\WINDOWS\System32\ole32.dll
0x00007fffa7280000 - 0x00007fffa732b000 	C:\WINDOWS\system32\uxtheme.dll
0x00007fffac7a0000 - 0x00007fffac850000 	C:\WINDOWS\System32\clbcatq.dll
0x00007fff4b8d0000 - 0x00007fff4b972000 	C:\WINDOWS\SYSTEM32\dsound.dll
0x00007fffa94f0000 - 0x00007fffa953d000 	C:\WINDOWS\SYSTEM32\powrprof.dll
0x00007fff9d5a0000 - 0x00007fff9d5c9000 	C:\WINDOWS\SYSTEM32\winmmbase.dll
0x00007fff39e20000 - 0x00007fff39ed1000 	C:\WINDOWS\SYSTEM32\ResampleDmo.DLL
0x00007fffac6b0000 - 0x00007fffac787000 	C:\WINDOWS\System32\OLEAUT32.dll
0x00007fff96d30000 - 0x00007fff96d3b000 	C:\WINDOWS\SYSTEM32\msdmo.dll
0x00007fffa94a0000 - 0x00007fffa94b3000 	C:\WINDOWS\SYSTEM32\UMPDC.dll
0x00007fffa16b0000 - 0x00007fffa174d000 	C:\WINDOWS\System32\MMDevApi.dll
0x00007fffa99b0000 - 0x00007fffa99dc000 	C:\WINDOWS\System32\DEVOBJ.dll
0x00007fffa99e0000 - 0x00007fffa9a2e000 	C:\WINDOWS\SYSTEM32\cfgmgr32.dll
0x00007fff9a240000 - 0x00007fff9a42c000 	C:\WINDOWS\SYSTEM32\AUDIOSES.DLL
0x00007fffa2000000 - 0x00007fffa2233000 	C:\WINDOWS\SYSTEM32\dbghelp.dll

VM Arguments:
jvm_args: -Duser.language=es_AR -Dfile.encoding=UTF-8 
java_command: org.uqbar.project.wollok.launch.WollokLauncher -requestsPort 0 -eventsPort 0 -folder -dontValidate -coercingStrategy decimals -wf src/consolaInicio.wpgm -darkMode
java_class_path (initial): C:\Users\Maximiliano\Desktop\Wollok\workspace\OdiseaGalactica\bin;C:\Users\Maximiliano\Desktop\Wollok\plugins\com.ibm.icu_64.2.0.v20190507-1337.jar;C:\Users\Maximiliano\Desktop\Wollok\plugins\org.eclipse.xtext_2.20.0.v20191202-0915.jar;C:\Users\Maximiliano\Desktop\Wollok\plugins\org.eclipse.emf.ecore.xmi_2.16.0.v20190528-0725.jar;C:\Users\Maximiliano\Desktop\Wollok\plugins\org.eclipse.emf.ecore_2.20.0.v20190920-0401.jar;C:\Users\Maximiliano\Desktop\Wollok\plugins\org.eclipse.emf.common_2.17.0.v20190920-0401.jar;C:\Users\Maximiliano\Desktop\Wollok\plugins\org.antlr.runtime_3.2.0.v201101311130.jar;C:\Users\Maximiliano\Desktop\Wollok\plugins\com.google.inject_3.0.0.v201605172100.jar;C:\Users\Maximiliano\Desktop\Wollok\plugins\org.eclipse.emf.mwe.core_1.5.1.v20191121-1148.jar;C:\Users\Maximiliano\Desktop\Wollok\plugins\org.apache.commons.cli_1.2.0.v201404270220.jar;C:\Users\Maximiliano\Desktop\Wollok\plugins\org.eclipse.emf.mwe2.runtime_2.11.1.v20191121-1148.jar;C:\Users\Maximiliano\Desktop\Wollok\plugins\org.eclipse.emf.mwe.utils_1.5.1.v20191121-1148.jar;C:\Users\Maximiliano\Desktop\Wollok\plugins\org.eclipse.xtext.util_2.20.0.v20191202-0915.jar;C:\Users\Maximiliano\Desktop\Wollok\plugins\com.google.guava_27.1.0.v20190517-1946.jar;C:\Users\Maximiliano\Desktop\Wollok\plugins\javax.inject_1.0.0.v20091030.jar;C:\Users\Maximiliano\Desktop\Wollok\plugins\org.eclipse.xtext.generator_2.20.0.v20191202-0933.jar;C:\Users\Maximiliano\Desktop\Wollok\plugins\org.eclipse.xtext.xtext.generator_2.20.0.v20191202-0915.jar;C:\Users\Maximiliano\Desktop\Wollok\plugins\org.eclipse.xtext.xbase.lib_2.20.0.v20191202-0907.jar;C:\Users\Maximiliano\Desktop\Wollok\plugins\org.eclipse.emf.codegen.ecore_2.20.0.v20191012-0918.jar;C:\Users\Maximiliano\Desktop\Wollok\plugins\org.eclipse.emf.codegen_2.19.0.v20190821-1536.jar;C:\Users\Maximiliano\Desktop\Wollok\plugins\org.eclipse.xtend_2.2.0.v201605260315.jar;C:\Users\Maximiliano\Desktop\Wollok\plugins\org.eclipse.xpand_2.2.
Launcher Type: SUN_STANDARD

Environment Variables:
PATH=C:/Program Files/Eclipse Adoptium/jdk-8.0.362.9-hotspot/bin/../jre/bin/server;C:/Program Files/Eclipse Adoptium/jdk-8.0.362.9-hotspot/bin/../jre/bin;C:/Program Files/Eclipse Adoptium/jdk-8.0.362.9-hotspot/bin/../jre/lib/amd64;C:\Program Files\Eclipse Adoptium\jdk-8.0.362.9-hotspot\bin;C:\Windows\system32;C:\Windows;C:\Windows\System32\Wbem;C:\Windows\System32\WindowsPowerShell\v1.0\;C:\Windows\System32\OpenSSH\;C:\Program Files\NVIDIA Corporation\NVIDIA NvDLISR;C:\Program Files (x86)\NVIDIA Corporation\PhysX\Common;C:\Program Files\Git\cmd;C:\WINDOWS\system32;C:\WINDOWS;C:\WINDOWS\System32\Wbem;C:\WINDOWS\System32\WindowsPowerShell\v1.0\;C:\WINDOWS\System32\OpenSSH\;C:\Users\Maximiliano\AppData\Local\Microsoft\WindowsApps;C:\Users\Maximiliano\AppData\Local\Programs\Microsoft VS Code\bin;C:\ghcup\bin;C:\Users\Maximiliano\Desktop\Wollok;
USERNAME=Maximiliano
OS=Windows_NT
PROCESSOR_IDENTIFIER=Intel64 Family 6 Model 158 Stepping 13, GenuineIntel



---------------  S Y S T E M  ---------------

OS: Windows 11 , 64 bit Build 22621 (10.0.22621.2506)

CPU:total 8 (initial active 8) (4 cores per cpu, 2 threads per core) family 6 model 158 stepping 13, cmov, cx8, fxsr, mmx, sse, sse2, sse3, ssse3, sse4.1, sse4.2, popcnt, avx, avx2, aes, clmul, erms, 3dnowpref, lzcnt, ht, tsc, tscinvbit, bmi1, bmi2, adx

Memory: 4k page, physical 8221748k(1609156k free), swap 24606828k(4250436k free)

vm_info: OpenJDK 64-Bit Server VM (25.362-b09) for windows-amd64 JRE (1.8.0_362-b09), built on Jan 18 2023 17:11:58 by "jenkins" with MS VC++ 15.9 (VS2017)

time: Sun Jan 14 13:16:00 2024
timezone: Hora estándar de Argentina
elapsed time: 3.021038 seconds (0d 0h 0m 3s)

